{"uuid":"0c2107c3-0022-4caf-9e13-5d6ca2aaa888","historyId":"42af4a2f7d912bb8498c32884d218b10","fullName":"com.hanapos.testcases.Proposal_TestCases.Wedding.Hana_T259_Add_Proposal_CreateProposalPage_Wedding_NewCustomer_Functionality.Validate_CreateProposal_Wedding_NewCustomer_Functionality","labels":[{"name":"package","value":"com.hanapos.testcases.Proposal_TestCases.Wedding.Hana_T259_Add_Proposal_CreateProposalPage_Wedding_NewCustomer_Functionality"},{"name":"testClass","value":"com.hanapos.testcases.Proposal_TestCases.Wedding.Hana_T259_Add_Proposal_CreateProposalPage_Wedding_NewCustomer_Functionality"},{"name":"testMethod","value":"Validate_CreateProposal_Wedding_NewCustomer_Functionality"},{"name":"parentSuite","value":"Default Suite"},{"name":"suite","value":"Hana_POS_Automation"},{"name":"subSuite","value":"com.hanapos.testcases.Proposal_TestCases.Wedding.Hana_T259_Add_Proposal_CreateProposalPage_Wedding_NewCustomer_Functionality"},{"name":"host","value":"DESKTOP-5AUP6OC"},{"name":"thread","value":"11496@DESKTOP-5AUP6OC.main(1)"},{"name":"framework","value":"testng"},{"name":"language","value":"java"},{"name":"feature","value":"Wedding Proposal"},{"name":"story","value":"Create Proposal - New Customer"},{"name":"epic","value":"Proposal Module"}],"links":[],"name":"Validate_CreateProposal_Wedding_NewCustomer_Functionality","status":"broken","statusDetails":{"known":false,"muted":false,"flaky":false,"message":"Element is not interactable: [[ChromeDriver: chrome on windows (e606901a431bb4f810f1aacbb9785ca3)] -> xpath: //input[@id='custPhone']]","trace":"java.lang.RuntimeException: Element is not interactable: [[ChromeDriver: chrome on windows (e606901a431bb4f810f1aacbb9785ca3)] -> xpath: //input[@id='custPhone']]\r\n\tat com.hanapos.seleniumProjectBase.TestBaseClass.clickAndType(TestBaseClass.java:2143)\r\n\tat com.hanapos.pageObjects.ProposalsPage.Enter_PhoneNumber_on_CreateProposal_Popup(ProposalsPage.java:1149)\r\n\tat com.hanapos.testcases.Proposal_TestCases.Wedding.Hana_T259_Add_Proposal_CreateProposalPage_Wedding_NewCustomer_Functionality.Validate_CreateProposal_Wedding_NewCustomer_Functionality(Hana_T259_Add_Proposal_CreateProposalPage_Wedding_NewCustomer_Functionality.java:119)\r\n\tat java.base/jdk.internal.reflect.DirectMethodHandleAccessor.invoke(DirectMethodHandleAccessor.java:103)\r\n\tat java.base/java.lang.reflect.Method.invoke(Method.java:580)\r\n\tat org.testng.internal.invokers.MethodInvocationHelper.invokeMethod(MethodInvocationHelper.java:141)\r\n\tat org.testng.internal.invokers.TestInvoker.invokeMethod(TestInvoker.java:697)\r\n\tat org.testng.internal.invokers.TestInvoker.invokeTestMethod(TestInvoker.java:230)\r\n\tat org.testng.internal.invokers.MethodRunner.runInSequence(MethodRunner.java:63)\r\n\tat org.testng.internal.invokers.TestInvoker$MethodInvocationAgent.invoke(TestInvoker.java:1005)\r\n\tat org.testng.internal.invokers.TestInvoker.invokeTestMethods(TestInvoker.java:203)\r\n\tat org.testng.internal.invokers.TestMethodWorker.invokeTestMethods(TestMethodWorker.java:154)\r\n\tat org.testng.internal.invokers.TestMethodWorker.run(TestMethodWorker.java:134)\r\n\tat java.base/java.util.ArrayList.forEach(ArrayList.java:1597)\r\n\tat org.testng.TestRunner.privateRun(TestRunner.java:744)\r\n\tat org.testng.TestRunner.run(TestRunner.java:616)\r\n\tat org.testng.SuiteRunner.runTest(SuiteRunner.java:421)\r\n\tat org.testng.SuiteRunner.runSequentially(SuiteRunner.java:413)\r\n\tat org.testng.SuiteRunner.privateRun(SuiteRunner.java:373)\r\n\tat org.testng.SuiteRunner.run(SuiteRunner.java:312)\r\n\tat org.testng.SuiteRunnerWorker.runSuite(SuiteRunnerWorker.java:52)\r\n\tat org.testng.SuiteRunnerWorker.run(SuiteRunnerWorker.java:95)\r\n\tat org.testng.TestNG.runSuitesSequentially(TestNG.java:1274)\r\n\tat org.testng.TestNG.runSuitesLocally(TestNG.java:1208)\r\n\tat org.testng.TestNG.runSuites(TestNG.java:1112)\r\n\tat org.testng.TestNG.run(TestNG.java:1079)\r\n\tat com.intellij.rt.testng.IDEARemoteTestNG.run(IDEARemoteTestNG.java:65)\r\n\tat com.intellij.rt.testng.RemoteTestNGStarter.main(RemoteTestNGStarter.java:105)\r\nCaused by: org.openqa.selenium.ElementClickInterceptedException: element click intercepted: Element <input type=\"text\" placeholder=\"Phone number\" id=\"custPhone\" maxlength=\"18\" class=\"hana-mt-5 form-control custPhone customerdata\" onkeypress=\"return isPhoneKey(this)\" onkeyup=\"onKeyUpPhoneFormat(event,'custPhone')\" required=\"\" aria-required=\"true\" style=\"border: 3px solid green;\"> is not clickable at point (636, 576). Other element would receive the click: <li data-placeid=\"Eig0MDM1MSBJc3JlYWwgU3RyZWV0LCBXaGl0ZSBIYWxsLCBJTCwgVVNBIi4qLAoUChIJtwSvzEKk34cRza3hsOva0tESFAoSCeP5UyNXpN-HERhlxaXqu2zo\">...</li>\n  (Session info: chrome=144.0.7559.112)\nBuild info: version: '4.40.0', revision: 'b3333f1'\nSystem info: os.name: 'Windows 11', os.arch: 'amd64', os.version: '10.0', java.version: '23.0.2'\nDriver info: org.openqa.selenium.chrome.ChromeDriver\nCommand: [e606901a431bb4f810f1aacbb9785ca3, clickElement {id=f.E337E7E61D91499C417B2BDA4F59C299.d.91081F8CC967A572C956B64780FB53BA.e.1016}]\nCapabilities {acceptInsecureCerts: false, browserName: chrome, browserVersion: 144.0.7559.112, chrome: {chromedriverVersion: 144.0.7559.133 (7da823b1d59..., userDataDir: C:\\Users\\Balaji\\AppData\\Loc...}, fedcm:accounts: true, goog:chromeOptions: {debuggerAddress: localhost:64564}, goog:processID: 7616, networkConnectionEnabled: false, pageLoadStrategy: normal, platformName: windows, proxy: Proxy(), se:cdp: ws://localhost:64564/devtoo..., se:cdpVersion: 144.0.7559.112, setWindowRect: true, strictFileInteractability: false, timeouts: {implicit: 0, pageLoad: 300000, script: 30000}, unhandledPromptBehavior: dismiss and notify, webauthn:extension:credBlob: true, webauthn:extension:largeBlob: true, webauthn:extension:minPinLength: true, webauthn:extension:prf: true, webauthn:virtualAuthenticators: true}\nElement: [[ChromeDriver: chrome on windows (e606901a431bb4f810f1aacbb9785ca3)] -> xpath: //input[@id='custPhone']]\nSession ID: e606901a431bb4f810f1aacbb9785ca3\r\n\tat org.openqa.selenium.remote.ErrorCodec.decode(ErrorCodec.java:169)\r\n\tat org.openqa.selenium.remote.codec.w3c.W3CHttpResponseCodec.decode(W3CHttpResponseCodec.java:142)\r\n\tat org.openqa.selenium.remote.codec.w3c.W3CHttpResponseCodec.decode(W3CHttpResponseCodec.java:49)\r\n\tat org.openqa.selenium.remote.HttpCommandExecutor.execute(HttpCommandExecutor.java:223)\r\n\tat org.openqa.selenium.remote.service.DriverCommandExecutor.invokeExecute(DriverCommandExecutor.java:216)\r\n\tat org.openqa.selenium.remote.service.DriverCommandExecutor.execute(DriverCommandExecutor.java:174)\r\n\tat org.openqa.selenium.remote.RemoteWebDriver.execute(RemoteWebDriver.java:601)\r\n\tat org.openqa.selenium.remote.RemoteWebElement.execute(RemoteWebElement.java:223)\r\n\tat org.openqa.selenium.remote.RemoteWebElement.click(RemoteWebElement.java:76)\r\n\tat java.base/jdk.internal.reflect.DirectMethodHandleAccessor.invoke(DirectMethodHandleAccessor.java:103)\r\n\tat java.base/java.lang.reflect.Method.invoke(Method.java:580)\r\n\tat org.openqa.selenium.support.pagefactory.internal.LocatingElementHandler.invoke(LocatingElementHandler.java:51)\r\n\tat jdk.proxy2/jdk.proxy2.$Proxy40.click(Unknown Source)\r\n\tat com.hanapos.seleniumProjectBase.TestBaseClass.clickAndType(TestBaseClass.java:2118)\r\n\t... 27 more\r\n"},"stage":"finished","steps":[{"name":"✅ 'Login Page Welcome text' is visible on the screen.","status":"passed","stage":"finished","steps":[],"attachments":[],"parameters":[],"start":1770191784488,"stop":1770191784490},{"name":"Successfully Entered the data in field 'Username Textbox Field on Login Page' : automationshop","status":"passed","stage":"finished","steps":[],"attachments":[],"parameters":[],"start":1770191784681,"stop":1770191784681},{"name":"Successfully Entered the data in field 'Password Textbox Field on Login Page' : automationshop","status":"passed","stage":"finished","steps":[],"attachments":[],"parameters":[],"start":1770191784857,"stop":1770191784857},{"name":"✅ 'Terms and Conditions label on Login Page' is visible on the screen.","status":"passed","stage":"finished","steps":[],"attachments":[],"parameters":[],"start":1770191784891,"stop":1770191784891},{"name":"✅ Clicked on 'Login Button on Hana POS - Login Page' successfully (using JavaScript).","status":"passed","stage":"finished","steps":[],"attachments":[],"parameters":[],"start":1770191799968,"stop":1770191799968},{"name":"✅ Successfully clicked the **Login button** and navigated from **Login Page → Hana Dashboard Page**.","status":"passed","stage":"finished","steps":[],"attachments":[],"parameters":[],"start":1770191801033,"stop":1770191801033},{"name":"✅ 'Hana Dashboard Page Home Icon' is visible on the screen.","status":"passed","stage":"finished","steps":[],"attachments":[],"parameters":[],"start":1770191801192,"stop":1770191801192},{"name":"✅ Clicked on 'Proposal Menu' successfully (using JavaScript).","status":"passed","stage":"finished","steps":[],"attachments":[],"parameters":[],"start":1770191812049,"stop":1770191812049},{"name":"✅ Clicked on 'Add Proposal Button' successfully (using JavaScript).","status":"passed","stage":"finished","steps":[],"attachments":[],"parameters":[],"start":1770191813204,"stop":1770191813204},{"name":"❌ 'Create Proposal Popup' is present in DOM but not visible on the screen.","status":"passed","stage":"finished","steps":[],"attachments":[],"parameters":[],"start":1770191813250,"stop":1770191813250},{"name":"✅ 'Create Proposal Popup Header' is visible on the screen.","status":"passed","stage":"finished","steps":[],"attachments":[],"parameters":[],"start":1770191813843,"stop":1770191813843},{"name":"Successfully Entered the data in field 'First Name textbox field on create proposal popup at proposals page' : Belva","status":"passed","stage":"finished","steps":[],"attachments":[],"parameters":[],"start":1770191816432,"stop":1770191816432},{"name":"Element is not interactable: [[ChromeDriver: chrome on windows (e606901a431bb4f810f1aacbb9785ca3)] -> xpath: //input[@id='custPhone']]","status":"passed","stage":"finished","steps":[],"attachments":[],"parameters":[],"start":1770191820382,"stop":1770191820382}],"attachments":[],"parameters":[],"start":1770191783341,"stop":1770191820393}