Test Case: Validate_Hana_T455_OrderEntryPage_WireIn_Wire_In_Info_Functionality_Test
----------------------------------------
Step: Login page → Dashboard page   
Status: ✅ SUCCESS
Thread: 1
Time Taken: 21772 ms (21.77 s)


Step: Hana Dashboard Page → Phone Order Page
Status: ✅ SUCCESS
Thread: 1
Time Taken: 9465 ms (9.47 s)


Step: Phone Order Page → Shop Name Dropdown field
Status: ✅ SUCCESS
Thread: 1
Time Taken: 11883 ms (11.88 s)


Step: Phone Order Page → Search Item Code and Select item description from Autosuggestion Dropdown field
Status: ✅ SUCCESS
Thread: 1
Time Taken: 5227 ms (5.23 s)


Step: Phone Order Page → Order Confirmation Page
Status: ❌ FAILED
Thread: 1
Time Taken: 81093 ms (81.09 s)
Error: java.lang.RuntimeException: 

Field Name: Submit button on confirmation popup in the phone order page

DOM - Element: [[ChromeDriver: chrome on windows (d8223516f32f559442f39fe3bb984c35)] -> xpath: (//button[normalize-space()='Submit Order'])[1]]

Exception Type: UnexpectedException

Error log Message: Timeout waiting for element to be visible


