{"uuid":"7cd3f076-0e39-4e91-8d91-d1b6a6056108","historyId":"660fa938820dd24f5f9a7b41ebc0521a","fullName":"com.hanapos.testcases.Proposal_TestCases.Event.Hana_T285_Add_Proposal_CreateProposalPage_Event_NewCustomer_AddressLookup_Functionality.Validate_Hana_T285_Add_Proposal_CreateProposalPage_Event_NewCustomer_AddressLookup_Functionality_Test","labels":[{"name":"package","value":"com.hanapos.testcases.Proposal_TestCases.Event.Hana_T285_Add_Proposal_CreateProposalPage_Event_NewCustomer_AddressLookup_Functionality"},{"name":"testClass","value":"com.hanapos.testcases.Proposal_TestCases.Event.Hana_T285_Add_Proposal_CreateProposalPage_Event_NewCustomer_AddressLookup_Functionality"},{"name":"testMethod","value":"Validate_Hana_T285_Add_Proposal_CreateProposalPage_Event_NewCustomer_AddressLookup_Functionality_Test"},{"name":"parentSuite","value":"Default Suite"},{"name":"suite","value":"Hana_POS_Automation"},{"name":"subSuite","value":"com.hanapos.testcases.Proposal_TestCases.Event.Hana_T285_Add_Proposal_CreateProposalPage_Event_NewCustomer_AddressLookup_Functionality"},{"name":"host","value":"DESKTOP-5AUP6OC"},{"name":"thread","value":"20912@DESKTOP-5AUP6OC.main(1)"},{"name":"framework","value":"testng"},{"name":"language","value":"java"},{"name":"epic","value":"Proposal Module - Event"}],"links":[],"name":"Validate_Hana_T285_Add_Proposal_CreateProposalPage_Event_NewCustomer_AddressLookup_Functionality_Test","status":"failed","statusDetails":{"known":false,"muted":false,"flaky":false,"message":"The following asserts failed:\n\tTest case failed due to exception Unable to search and select address 1 on create proposal popup: Expected condition failed: waiting for visibility of element found by By.xpath: //input[@id='custAddress1']/following-sibling::ul//li[contains(text(),'10 S Main St Driggs')], but... org.openqa.selenium.NoSuchElementException: no such element: Unable to locate element: {\"method\":\"xpath\",\"selector\":\"//input[@id='custAddress1']/following-sibling::ul//li[contains(text(),'10 S Main St Driggs')]\"}.\r\n(tried for 20 seconds with 500 milliseconds interval)\nBuild info: version: '4.40.0', revision: 'b3333f1'\nSystem info: os.name: 'Windows 11', os.arch: 'amd64', os.version: '10.0', java.version: '23.0.2'\nDriver info: org.openqa.selenium.chrome.ChromeDriver\nCapabilities {acceptInsecureCerts: false, browserName: chrome, browserVersion: 144.0.7559.112, chrome: {chromedriverVersion: 144.0.7559.133 (7da823b1d59..., userDataDir: C:\\Users\\Balaji\\AppData\\Loc...}, fedcm:accounts: true, goog:chromeOptions: {debuggerAddress: localhost:51400}, goog:processID: 7092, networkConnectionEnabled: false, pageLoadStrategy: normal, platformName: windows, proxy: Proxy(), se:cdp: ws://localhost:51400/devtoo..., se:cdpVersion: 144.0.7559.112, setWindowRect: true, strictFileInteractability: false, timeouts: {implicit: 0, pageLoad: 300000, script: 30000}, unhandledPromptBehavior: dismiss and notify, webauthn:extension:credBlob: true, webauthn:extension:largeBlob: true, webauthn:extension:minPinLength: true, webauthn:extension:prf: true, webauthn:virtualAuthenticators: true}\nSession ID: c803a2fc42ac5bd8987ba122f8203689","trace":"java.lang.AssertionError: The following asserts failed:\n\tTest case failed due to exception Unable to search and select address 1 on create proposal popup: Expected condition failed: waiting for visibility of element found by By.xpath: //input[@id='custAddress1']/following-sibling::ul//li[contains(text(),'10 S Main St Driggs')], but... org.openqa.selenium.NoSuchElementException: no such element: Unable to locate element: {\"method\":\"xpath\",\"selector\":\"//input[@id='custAddress1']/following-sibling::ul//li[contains(text(),'10 S Main St Driggs')]\"}.\r\n(tried for 20 seconds with 500 milliseconds interval)\nBuild info: version: '4.40.0', revision: 'b3333f1'\nSystem info: os.name: 'Windows 11', os.arch: 'amd64', os.version: '10.0', java.version: '23.0.2'\nDriver info: org.openqa.selenium.chrome.ChromeDriver\nCapabilities {acceptInsecureCerts: false, browserName: chrome, browserVersion: 144.0.7559.112, chrome: {chromedriverVersion: 144.0.7559.133 (7da823b1d59..., userDataDir: C:\\Users\\Balaji\\AppData\\Loc...}, fedcm:accounts: true, goog:chromeOptions: {debuggerAddress: localhost:51400}, goog:processID: 7092, networkConnectionEnabled: false, pageLoadStrategy: normal, platformName: windows, proxy: Proxy(), se:cdp: ws://localhost:51400/devtoo..., se:cdpVersion: 144.0.7559.112, setWindowRect: true, strictFileInteractability: false, timeouts: {implicit: 0, pageLoad: 300000, script: 30000}, unhandledPromptBehavior: dismiss and notify, webauthn:extension:credBlob: true, webauthn:extension:largeBlob: true, webauthn:extension:minPinLength: true, webauthn:extension:prf: true, webauthn:virtualAuthenticators: true}\nSession ID: c803a2fc42ac5bd8987ba122f8203689\r\n\tat org.testng.asserts.SoftAssert.assertAll(SoftAssert.java:46)\r\n\tat org.testng.asserts.SoftAssert.assertAll(SoftAssert.java:30)\r\n\tat com.hanapos.testcases.Proposal_TestCases.Event.Hana_T285_Add_Proposal_CreateProposalPage_Event_NewCustomer_AddressLookup_Functionality.Validate_Hana_T285_Add_Proposal_CreateProposalPage_Event_NewCustomer_AddressLookup_Functionality_Test(Hana_T285_Add_Proposal_CreateProposalPage_Event_NewCustomer_AddressLookup_Functionality.java:146)\r\n\tat java.base/jdk.internal.reflect.DirectMethodHandleAccessor.invoke(DirectMethodHandleAccessor.java:103)\r\n\tat java.base/java.lang.reflect.Method.invoke(Method.java:580)\r\n\tat org.testng.internal.invokers.MethodInvocationHelper.invokeMethod(MethodInvocationHelper.java:141)\r\n\tat org.testng.internal.invokers.TestInvoker.invokeMethod(TestInvoker.java:697)\r\n\tat org.testng.internal.invokers.TestInvoker.invokeTestMethod(TestInvoker.java:230)\r\n\tat org.testng.internal.invokers.MethodRunner.runInSequence(MethodRunner.java:63)\r\n\tat org.testng.internal.invokers.TestInvoker$MethodInvocationAgent.invoke(TestInvoker.java:1005)\r\n\tat org.testng.internal.invokers.TestInvoker.invokeTestMethods(TestInvoker.java:203)\r\n\tat org.testng.internal.invokers.TestMethodWorker.invokeTestMethods(TestMethodWorker.java:154)\r\n\tat org.testng.internal.invokers.TestMethodWorker.run(TestMethodWorker.java:134)\r\n\tat java.base/java.util.ArrayList.forEach(ArrayList.java:1597)\r\n\tat org.testng.TestRunner.privateRun(TestRunner.java:744)\r\n\tat org.testng.TestRunner.run(TestRunner.java:616)\r\n\tat org.testng.SuiteRunner.runTest(SuiteRunner.java:421)\r\n\tat org.testng.SuiteRunner.runSequentially(SuiteRunner.java:413)\r\n\tat org.testng.SuiteRunner.privateRun(SuiteRunner.java:373)\r\n\tat org.testng.SuiteRunner.run(SuiteRunner.java:312)\r\n\tat org.testng.SuiteRunnerWorker.runSuite(SuiteRunnerWorker.java:52)\r\n\tat org.testng.SuiteRunnerWorker.run(SuiteRunnerWorker.java:95)\r\n\tat org.testng.TestNG.runSuitesSequentially(TestNG.java:1274)\r\n\tat org.testng.TestNG.runSuitesLocally(TestNG.java:1208)\r\n\tat org.testng.TestNG.runSuites(TestNG.java:1112)\r\n\tat org.testng.TestNG.run(TestNG.java:1079)\r\n\tat com.intellij.rt.testng.IDEARemoteTestNG.run(IDEARemoteTestNG.java:65)\r\n\tat com.intellij.rt.testng.RemoteTestNGStarter.main(RemoteTestNGStarter.java:105)\r\n"},"stage":"finished","steps":[{"name":"✅ 'Login Page Welcome text' is visible on the screen.","status":"passed","stage":"finished","steps":[],"attachments":[],"parameters":[],"start":1770205340649,"stop":1770205340649},{"name":"Successfully Entered the data in field 'Username Textbox Field on Login Page' : automationshop","status":"passed","stage":"finished","steps":[],"attachments":[],"parameters":[],"start":1770205341344,"stop":1770205341344},{"name":"Successfully Entered the data in field 'Password Textbox Field on Login Page' : automationshop","status":"passed","stage":"finished","steps":[],"attachments":[],"parameters":[],"start":1770205341539,"stop":1770205341539},{"name":"✅ 'Terms and Conditions label on Login Page' is visible on the screen.","status":"passed","stage":"finished","steps":[],"attachments":[],"parameters":[],"start":1770205341574,"stop":1770205341574},{"name":"✅ Clicked on 'Login Button on Hana POS - Login Page' successfully (using JavaScript).","status":"passed","stage":"finished","steps":[],"attachments":[],"parameters":[],"start":1770205347449,"stop":1770205347449},{"name":"✅ Successfully clicked the **Login button** and navigated from **Login Page → Hana Dashboard Page**.","status":"passed","stage":"finished","steps":[],"attachments":[],"parameters":[],"start":1770205357661,"stop":1770205357661},{"name":"✅ 'Hana Dashboard Page Home Icon' is visible on the screen.","status":"passed","stage":"finished","steps":[],"attachments":[],"parameters":[],"start":1770205357762,"stop":1770205357762},{"name":"✅ Clicked on 'Proposal Menu' successfully (using JavaScript).","status":"passed","stage":"finished","steps":[],"attachments":[],"parameters":[],"start":1770205369827,"stop":1770205369827},{"name":"✅ Clicked on 'Add Proposal Button' successfully (using JavaScript).","status":"passed","stage":"finished","steps":[],"attachments":[],"parameters":[],"start":1770205374030,"stop":1770205374030},{"name":"✅ 'Create Proposal Popup' is visible on the screen.","status":"passed","stage":"finished","steps":[],"attachments":[],"parameters":[],"start":1770205376108,"stop":1770205376108},{"name":"✅ 'Create Proposal Popup Header' is visible on the screen.","status":"passed","stage":"finished","steps":[],"attachments":[],"parameters":[],"start":1770205376195,"stop":1770205376195},{"name":"✅ Clicked on: Event tab on Createproposal popup successfully.","status":"passed","stage":"finished","steps":[],"attachments":[],"parameters":[],"start":1770205377618,"stop":1770205377618},{"name":"Successfully Entered the data in field 'First Name textbox field on create proposal popup at proposals page' : Mikel","status":"passed","stage":"finished","steps":[],"attachments":[],"parameters":[],"start":1770205378994,"stop":1770205378994},{"name":"Successfully Entered the data in field 'Address field on create proposal popup' : 10 S Main St Driggs","status":"passed","stage":"finished","steps":[],"attachments":[],"parameters":[],"start":1770205381778,"stop":1770205381778},{"name":"✅ 'Create proposal popup Address field - autosuggest dropdown' is visible on the screen.","status":"passed","stage":"finished","steps":[],"attachments":[],"parameters":[],"start":1770205383036,"stop":1770205383036}],"attachments":[{"name":"Assertion Failure Message","source":"86501cea-3cd8-48aa-b0e5-88b87314dd51-attachment.txt","type":"text/plain"},{"name":"\uD83D\uDDBC Screenshot on Failure","source":"988cd189-6fdb-4b90-a39b-40e2a50c6974-attachment.jpg","type":"image/jpeg"}],"parameters":[],"start":1770205339516,"stop":1770205406229}